<?xml version="1.0" encoding="UTF-8"?>
<!-- Generated by org.testng.reporters.JUnitXMLReporter -->
<testsuite hostname="gonens-MacBook-2.local" ignored="0" name="Default test" tests="7" failures="0" timestamp="2020-07-30T14:14:24 EDT" time="35.023" errors="0">
  <testcase name="@BeforeTest setUp" time="26.267" classname="com.qa.verizon.tests.PhonePageTest">
    <failure type="org.openqa.selenium.TimeoutException" message="Expected condition failed: waiting for presence of element located by: By.xpath: //div[@id=&amp;apos;tile_dev12360040&amp;apos;]//div[contains(@class,&amp;apos;NHaasTX75Bd marginBottom5&amp;apos;)]//span[1] (tried for 20 second(s) with 500 milliseconds interval)">
      <![CDATA[org.openqa.selenium.TimeoutException: Expected condition failed: waiting for presence of element located by: By.xpath: //div[@id='tile_dev12360040']//div[contains(@class,'NHaasTX75Bd marginBottom5')]//span[1] (tried for 20 second(s) with 500 milliseconds interval)
at org.openqa.selenium.support.ui.WebDriverWait.timeoutException(WebDriverWait.java:95)
at org.openqa.selenium.support.ui.FluentWait.until(FluentWait.java:272)
at com.qa.verizon.util.ElementUtil.waitGetElementDefault(ElementUtil.java:31)
at com.qa.verizon.pages.SmartphonesPage.goPageGetPhone(SmartphonesPage.java:29)
at com.qa.verizon.tests.PhonePageTest.setUp(PhonePageTest.java:33)
at sun.reflect.NativeMethodAccessorImpl.invoke0(Native Method)
at sun.reflect.NativeMethodAccessorImpl.invoke(NativeMethodAccessorImpl.java:62)
at sun.reflect.DelegatingMethodAccessorImpl.invoke(DelegatingMethodAccessorImpl.java:43)
at java.lang.reflect.Method.invoke(Method.java:498)
at org.testng.internal.MethodInvocationHelper.invokeMethod(MethodInvocationHelper.java:135)
at org.testng.internal.MethodInvocationHelper.invokeMethodConsideringTimeout(MethodInvocationHelper.java:64)
at org.testng.internal.ConfigInvoker.invokeConfigurationMethod(ConfigInvoker.java:364)
at org.testng.internal.ConfigInvoker.invokeConfigurations(ConfigInvoker.java:318)
at org.testng.TestRunner.invokeTestConfigurations(TestRunner.java:620)
at org.testng.TestRunner.beforeRun(TestRunner.java:610)
at org.testng.TestRunner.run(TestRunner.java:581)
at org.testng.SuiteRunner.runTest(SuiteRunner.java:384)
at org.testng.SuiteRunner.runSequentially(SuiteRunner.java:378)
at org.testng.SuiteRunner.privateRun(SuiteRunner.java:337)
at org.testng.SuiteRunner.run(SuiteRunner.java:286)
at org.testng.SuiteRunnerWorker.runSuite(SuiteRunnerWorker.java:53)
at org.testng.SuiteRunnerWorker.run(SuiteRunnerWorker.java:96)
at org.testng.TestNG.runSuitesSequentially(TestNG.java:1214)
at org.testng.TestNG.runSuitesLocally(TestNG.java:1136)
at org.testng.TestNG.runSuites(TestNG.java:1066)
at org.testng.TestNG.run(TestNG.java:1034)
at org.testng.remote.AbstractRemoteTestNG.run(AbstractRemoteTestNG.java:115)
at org.testng.remote.RemoteTestNG.initAndRun(RemoteTestNG.java:251)
at org.testng.remote.RemoteTestNG.main(RemoteTestNG.java:77)
Caused by: org.openqa.selenium.NoSuchElementException: no such element: Unable to locate element: {"method":"xpath","selector":"//div[@id='tile_dev12360040']//div[contains(@class,'NHaasTX75Bd marginBottom5')]//span[1]"}
  (Session info: chrome=84.0.4147.105)
For documentation on this error, please visit: https://www.seleniumhq.org/exceptions/no_such_element.html
Build info: version: '3.141.59', revision: 'e82be7d358', time: '2018-11-14T08:17:03'
System info: host: 'gonens-MacBook-2.local', ip: '2600:2b00:8109:2100:0:0:0:dd3c%en0', os.name: 'Mac OS X', os.arch: 'x86_64', os.version: '10.15.6', java.version: '1.8.0_231'
Driver info: org.openqa.selenium.chrome.ChromeDriver
Capabilities {acceptInsecureCerts: false, browserName: chrome, browserVersion: 84.0.4147.105, chrome: {chromedriverVersion: 84.0.4147.30 (48b3e868b4cc0..., userDataDir: /var/folders/wv/8z94qqm93l9...}, goog:chromeOptions: {debuggerAddress: localhost:50826}, javascriptEnabled: true, networkConnectionEnabled: false, pageLoadStrategy: normal, platform: MAC, platformName: MAC, proxy: Proxy(), setWindowRect: true, strictFileInteractability: false, timeouts: {implicit: 0, pageLoad: 300000, script: 30000}, unhandledPromptBehavior: dismiss and notify, webauthn:virtualAuthenticators: true}
Session ID: 14ac7ab1ab271610041d0b6cbd811cda
*** Element info: {Using=xpath, value=//div[@id='tile_dev12360040']//div[contains(@class,'NHaasTX75Bd marginBottom5')]//span[1]}
at sun.reflect.GeneratedConstructorAccessor13.newInstance(Unknown Source)
at sun.reflect.DelegatingConstructorAccessorImpl.newInstance(DelegatingConstructorAccessorImpl.java:45)
at java.lang.reflect.Constructor.newInstance(Constructor.java:423)
at org.openqa.selenium.remote.http.W3CHttpResponseCodec.createException(W3CHttpResponseCodec.java:187)
at org.openqa.selenium.remote.http.W3CHttpResponseCodec.decode(W3CHttpResponseCodec.java:122)
at org.openqa.selenium.remote.http.W3CHttpResponseCodec.decode(W3CHttpResponseCodec.java:49)
at org.openqa.selenium.remote.HttpCommandExecutor.execute(HttpCommandExecutor.java:158)
at org.openqa.selenium.remote.service.DriverCommandExecutor.execute(DriverCommandExecutor.java:83)
at org.openqa.selenium.remote.RemoteWebDriver.execute(RemoteWebDriver.java:552)
at org.openqa.selenium.remote.RemoteWebDriver.findElement(RemoteWebDriver.java:323)
at org.openqa.selenium.remote.RemoteWebDriver.findElementByXPath(RemoteWebDriver.java:428)
at org.openqa.selenium.By$ByXPath.findElement(By.java:353)
at org.openqa.selenium.remote.RemoteWebDriver.findElement(RemoteWebDriver.java:315)
at org.openqa.selenium.support.ui.ExpectedConditions$6.apply(ExpectedConditions.java:182)
at org.openqa.selenium.support.ui.ExpectedConditions$6.apply(ExpectedConditions.java:179)
at org.openqa.selenium.support.ui.FluentWait.until(FluentWait.java:249)
... 27 more
]]>
    </failure>
  </testcase> <!-- @BeforeTest setUp -->
  <testcase name="@BeforeTest setUp" time="-1.596132864405E9" classname="com.qa.verizon.tests.SmartphonesPageTest">
    <skipped/>
  </testcase> <!-- @BeforeTest setUp -->
  <testcase name="@BeforeMethod setUp" time="-1.596132864611E9" classname="com.qa.verizon.tests.CartPageTest">
    <skipped/>
  </testcase> <!-- @BeforeMethod setUp -->
  <testcase name="@AfterMethod shutDown" time="-1.596132864617E9" classname="com.qa.verizon.tests.CartPageTest">
    <skipped/>
  </testcase> <!-- @AfterMethod shutDown -->
  <testcase name="@AfterTest shutDown" time="-1.59613286462E9" classname="com.qa.verizon.tests.HomePageTests">
    <skipped/>
  </testcase> <!-- @AfterTest shutDown -->
  <testcase name="@AfterTest shutDown" time="-1.596132864621E9" classname="com.qa.verizon.tests.PhonePageTest">
    <skipped/>
  </testcase> <!-- @AfterTest shutDown -->
  <testcase name="@AfterTest shutDown" time="-1.596132864623E9" classname="com.qa.verizon.tests.SmartphonesPageTest">
    <skipped/>
  </testcase> <!-- @AfterTest shutDown -->
  <testcase name="verifyHomePageTitle" time="0.0" classname="com.qa.verizon.tests.HomePageTests">
    <skipped/>
  </testcase> <!-- verifyHomePageTitle -->
  <testcase name="clickTest" time="0.0" classname="com.qa.verizon.tests.HomePageTests">
    <skipped/>
  </testcase> <!-- clickTest -->
  <testcase name="Test1" time="0.0" classname="com.qa.verizon.tests.SmartphonesPageTest">
    <skipped/>
  </testcase> <!-- Test1 -->
  <testcase name="Test2" time="0.0" classname="com.qa.verizon.tests.SmartphonesPageTest">
    <skipped/>
  </testcase> <!-- Test2 -->
  <testcase name="Test2" time="0.0" classname="com.qa.verizon.tests.PhonePageTest">
    <skipped/>
  </testcase> <!-- Test2 -->
  <testcase name="Test3" time="0.0" classname="com.qa.verizon.tests.PhonePageTest">
    <skipped/>
  </testcase> <!-- Test3 -->
  <testcase name="Test" time="0.0" classname="com.qa.verizon.tests.CartPageTest">
    <skipped/>
  </testcase> <!-- Test -->
</testsuite> <!-- Default test -->
